<?xml version="1.0" encoding="UTF-8"?>
<!-- Generated by org.testng.reporters.JUnitXMLReporter -->
<testsuite ignored="0" hostname="Shivani" failures="0" tests="2" name="Default test" time="49.016" errors="0" timestamp="2023-02-19T20:44:42 IST">
  <testcase classname="com.automatepushpa.TestCases.CompareMovieDetails" name="verifyCountryTest" time="14.033"/>
  <testcase classname="com.automatepushpa.TestCases.CompareMovieDetails" name="verifyReleaseDate" time="14.287"/>
</testsuite> <!-- Default test -->
