<?xml version="1.0" encoding="UTF-8"?>
<testng-results ignored="0" total="2" passed="2" failed="0" skipped="0">
  <reporter-output>
  </reporter-output>
  <suite started-at="2023-02-19T20:43:53 IST" name="Default suite" finished-at="2023-02-19T20:44:42 IST" duration-ms="49016">
    <groups>
    </groups>
    <test started-at="2023-02-19T20:43:53 IST" name="Default test" finished-at="2023-02-19T20:44:42 IST" duration-ms="49016">
      <class name="com.automatepushpa.TestCases.CompareMovieDetails">
        <test-method is-config="true" signature="setup()[pri:0, instance:com.automatepushpa.TestCases.CompareMovieDetails@1eb5174b]" started-at="2023-02-19T20:43:53 IST" name="setup" finished-at="2023-02-19T20:43:55 IST" duration-ms="2395" status="PASS">
          <reporter-output>
          </reporter-output>
        </test-method> <!-- setup -->
        <test-method signature="verifyCountryTest()[pri:0, instance:com.automatepushpa.TestCases.CompareMovieDetails@1eb5174b]" started-at="2023-02-19T20:43:55 IST" name="verifyCountryTest" finished-at="2023-02-19T20:44:09 IST" duration-ms="14033" status="PASS">
          <reporter-output>
          </reporter-output>
        </test-method> <!-- verifyCountryTest -->
        <test-method is-config="true" signature="closeBrowser()[pri:0, instance:com.automatepushpa.TestCases.CompareMovieDetails@1eb5174b]" started-at="2023-02-19T20:44:09 IST" name="closeBrowser" finished-at="2023-02-19T20:44:26 IST" duration-ms="16260" status="PASS">
          <reporter-output>
          </reporter-output>
        </test-method> <!-- closeBrowser -->
        <test-method is-config="true" signature="setup()[pri:0, instance:com.automatepushpa.TestCases.CompareMovieDetails@1eb5174b]" started-at="2023-02-19T20:44:26 IST" name="setup" finished-at="2023-02-19T20:44:27 IST" duration-ms="1571" status="PASS">
          <reporter-output>
          </reporter-output>
        </test-method> <!-- setup -->
        <test-method signature="verifyReleaseDate()[pri:0, instance:com.automatepushpa.TestCases.CompareMovieDetails@1eb5174b]" started-at="2023-02-19T20:44:27 IST" name="verifyReleaseDate" finished-at="2023-02-19T20:44:42 IST" duration-ms="14287" status="PASS">
          <reporter-output>
          </reporter-output>
        </test-method> <!-- verifyReleaseDate -->
        <test-method is-config="true" signature="closeBrowser()[pri:0, instance:com.automatepushpa.TestCases.CompareMovieDetails@1eb5174b]" started-at="2023-02-19T20:44:42 IST" name="closeBrowser" finished-at="2023-02-19T20:44:42 IST" duration-ms="432" status="PASS">
          <reporter-output>
          </reporter-output>
        </test-method> <!-- closeBrowser -->
      </class> <!-- com.automatepushpa.TestCases.CompareMovieDetails -->
    </test> <!-- Default test -->
  </suite> <!-- Default suite -->
</testng-results>
